<?xml version="1.0" encoding="UTF-8"?>
<testng-results ignored="0" total="1" passed="1" failed="0" skipped="0">
  <reporter-output>
  </reporter-output>
  <suite started-at="2024-07-28T22:03:23 CEST" name="Master Suite" finished-at="2024-07-28T22:03:32 CEST" duration-ms="8789">
    <groups>
      <group name="Master">
        <method signature="TC006_SearchTest.verify_search()[pri:0, instance:testCases.TC006_SearchTest@294e5088]" name="verify_search" class="testCases.TC006_SearchTest"/>
      </group> <!-- Master -->
      <group name="Regression">
        <method signature="TC006_SearchTest.verify_search()[pri:0, instance:testCases.TC006_SearchTest@294e5088]" name="verify_search" class="testCases.TC006_SearchTest"/>
      </group> <!-- Regression -->
    </groups>
    <test started-at="2024-07-28T22:03:23 CEST" name="Test" finished-at="2024-07-28T22:03:32 CEST" duration-ms="8789">
      <class name="testCases.TC006_SearchTest">
        <test-method is-config="true" signature="setup(java.lang.String,java.lang.String)[pri:0, instance:testCases.TC006_SearchTest@294e5088]" started-at="2024-07-28T22:03:23 CEST" name="setup" finished-at="2024-07-28T22:03:31 CEST" duration-ms="7493" status="PASS">
          <params>
            <param index="0">
              <value>
                <![CDATA[Windows]]>
              </value>
            </param>
            <param index="1">
              <value>
                <![CDATA[chrome]]>
              </value>
            </param>
          </params>
          <reporter-output>
          </reporter-output>
        </test-method> <!-- setup -->
        <test-method signature="verify_search()[pri:0, instance:testCases.TC006_SearchTest@294e5088]" started-at="2024-07-28T22:03:31 CEST" name="verify_search" finished-at="2024-07-28T22:03:32 CEST" duration-ms="881" status="PASS">
          <reporter-output>
          </reporter-output>
        </test-method> <!-- verify_search -->
        <test-method is-config="true" signature="tearDown()[pri:0, instance:testCases.TC006_SearchTest@294e5088]" started-at="2024-07-28T22:03:32 CEST" name="tearDown" finished-at="2024-07-28T22:03:32 CEST" duration-ms="179" status="PASS">
          <reporter-output>
          </reporter-output>
        </test-method> <!-- tearDown -->
      </class> <!-- testCases.TC006_SearchTest -->
    </test> <!-- Test -->
  </suite> <!-- Master Suite -->
</testng-results>
