<?xml version="1.0" encoding="UTF-8"?>
<testng-results ignored="0" total="1" passed="1" failed="0" skipped="0">
  <reporter-output>
  </reporter-output>
  <suite started-at="2024-08-16T15:37:37 CEST" name="Master Suite" finished-at="2024-08-16T15:37:57 CEST" duration-ms="19169">
    <groups>
      <group name="Master">
        <method signature="TC012_AddAddressBook.verify_adding_address_book()[pri:0, instance:testCases.TC012_AddAddressBook@1a482e36]" name="verify_adding_address_book" class="testCases.TC012_AddAddressBook"/>
      </group> <!-- Master -->
      <group name="Regression">
        <method signature="TC012_AddAddressBook.verify_adding_address_book()[pri:0, instance:testCases.TC012_AddAddressBook@1a482e36]" name="verify_adding_address_book" class="testCases.TC012_AddAddressBook"/>
      </group> <!-- Regression -->
    </groups>
    <test started-at="2024-08-16T15:37:37 CEST" name="Test" finished-at="2024-08-16T15:37:57 CEST" duration-ms="19169">
      <class name="testCases.TC012_AddAddressBook">
        <test-method is-config="true" signature="setup(java.lang.String,java.lang.String)[pri:0, instance:testCases.TC012_AddAddressBook@1a482e36]" started-at="2024-08-16T15:37:38 CEST" name="setup" finished-at="2024-08-16T15:37:51 CEST" duration-ms="13059" status="PASS">
          <params>
            <param index="0">
              <value>
                <![CDATA[Windows]]>
              </value>
            </param>
            <param index="1">
              <value>
                <![CDATA[chrome]]>
              </value>
            </param>
          </params>
          <reporter-output>
          </reporter-output>
        </test-method> <!-- setup -->
        <test-method signature="verify_adding_address_book()[pri:0, instance:testCases.TC012_AddAddressBook@1a482e36]" started-at="2024-08-16T15:37:51 CEST" name="verify_adding_address_book" finished-at="2024-08-16T15:37:56 CEST" duration-ms="5438" status="PASS">
          <reporter-output>
          </reporter-output>
        </test-method> <!-- verify_adding_address_book -->
        <test-method is-config="true" signature="tearDown()[pri:0, instance:testCases.TC012_AddAddressBook@1a482e36]" started-at="2024-08-16T15:37:56 CEST" name="tearDown" finished-at="2024-08-16T15:37:57 CEST" duration-ms="386" status="PASS">
          <reporter-output>
          </reporter-output>
        </test-method> <!-- tearDown -->
      </class> <!-- testCases.TC012_AddAddressBook -->
    </test> <!-- Test -->
  </suite> <!-- Master Suite -->
</testng-results>
